Using pre-set license
Built from '2020.3/staging' branch; Version is '2020.3.30f1 (1fb1bf06830e) revision 2077119'; Using compiler version '192528614'; Build Type 'Release'
OS: 'Windows 11  (10.0.22000) 64bit Professional' Language: 'ko' Physical Memory: 16198 MB
BatchMode: 1, IsHumanControllingUs: 0, StartBugReporterOnCrash: 0, Is64bit: 1, IsPro: 0

COMMAND LINE ARGUMENTS:
C:\Program Files\Unity\Hub\Editor\2020.3.30f1\Editor\Unity.exe
-adb2
-batchMode
-noUpm
-name
AssetImportWorker0
-projectPath
D:/VR/Project/SurvivalActiongame
-logFile
Logs/AssetImportWorker0.log
-srvPort
58291
Successfully changed project path to: D:/VR/Project/SurvivalActiongame
D:/VR/Project/SurvivalActiongame
Using Asset Import Pipeline V2.
Refreshing native plugins compatible for Editor in 34.90 ms, found 2 plugins.
Preloading 0 native plugins for Editor in 0.00 ms.
Initialize engine version: 2020.3.30f1 (1fb1bf06830e)
[Subsystems] Discovering subsystems at path C:/Program Files/Unity/Hub/Editor/2020.3.30f1/Editor/Data/Resources/UnitySubsystems
[Subsystems] Discovering subsystems at path D:/VR/Project/SurvivalActiongame/Assets
GfxDevice: creating device client; threaded=0
Direct3D:
    Version:  Direct3D 11.0 [level 11.1]
    Renderer: NVIDIA GeForce MX150 (ID=0x1d12)
    Vendor:   
    VRAM:     1983 MB
    Driver:   30.0.15.1179
Initialize mono
Mono path[0] = 'C:/Program Files/Unity/Hub/Editor/2020.3.30f1/Editor/Data/Managed'
Mono path[1] = 'C:/Program Files/Unity/Hub/Editor/2020.3.30f1/Editor/Data/MonoBleedingEdge/lib/mono/unityjit'
Mono config path = 'C:/Program Files/Unity/Hub/Editor/2020.3.30f1/Editor/Data/MonoBleedingEdge/etc'
Using monoOptions --debugger-agent=transport=dt_socket,embedding=1,server=y,suspend=n,address=127.0.0.1:56872
Begin MonoManager ReloadAssembly
Registering precompiled unity dll's ...
Register platform support module: C:/Program Files/Unity/Hub/Editor/2020.3.30f1/Editor/Data/PlaybackEngines/WindowsStandaloneSupport/UnityEditor.WindowsStandalone.Extensions.dll
Registered in 0.001781 seconds.
Native extension for WindowsStandalone target not found
Refreshing native plugins compatible for Editor in 37.82 ms, found 2 plugins.
Preloading 0 native plugins for Editor in 0.00 ms.
Mono: successfully reloaded assembly
- Completed reload, in  0.599 seconds
Domain Reload Profiling:
	ReloadAssembly (599ms)
		BeginReloadAssembly (63ms)
			ExecutionOrderSort (0ms)
			DisableScriptedObjects (0ms)
			BackupInstance (0ms)
			ReleaseScriptingObjects (0ms)
			CreateAndSetChildDomain (1ms)
		EndReloadAssembly (466ms)
			LoadAssemblies (60ms)
			RebuildTransferFunctionScriptingTraits (0ms)
			SetupTypeCache (162ms)
			ReleaseScriptCaches (0ms)
			RebuildScriptCaches (40ms)
			SetupLoadedEditorAssemblies (166ms)
				LogAssemblyErrors (0ms)
				InitializePlatformSupportModulesInManaged (5ms)
				SetLoadedEditorAssemblies (0ms)
				RefreshPlugins (38ms)
				BeforeProcessingInitializeOnLoad (15ms)
				ProcessInitializeOnLoadAttributes (81ms)
				ProcessInitializeOnLoadMethodAttributes (28ms)
				AfterProcessingInitializeOnLoad (0ms)
				EditorAssembliesLoaded (0ms)
			ExecutionOrderSort2 (0ms)
			AwakeInstancesAfterBackupRestoration (0ms)
Platform modules already initialized, skipping
Registering precompiled user dll's ...
Registered in 0.002122 seconds.
Begin MonoManager ReloadAssembly
Native extension for WindowsStandalone target not found
Refreshing native plugins compatible for Editor in 0.59 ms, found 2 plugins.
Preloading 0 native plugins for Editor in 0.00 ms.
Mono: successfully reloaded assembly
- Completed reload, in  0.954 seconds
Domain Reload Profiling:
	ReloadAssembly (954ms)
		BeginReloadAssembly (155ms)
			ExecutionOrderSort (0ms)
			DisableScriptedObjects (5ms)
			BackupInstance (0ms)
			ReleaseScriptingObjects (0ms)
			CreateAndSetChildDomain (26ms)
		EndReloadAssembly (742ms)
			LoadAssemblies (88ms)
			RebuildTransferFunctionScriptingTraits (0ms)
			SetupTypeCache (249ms)
			ReleaseScriptCaches (0ms)
			RebuildScriptCaches (44ms)
			SetupLoadedEditorAssemblies (289ms)
				LogAssemblyErrors (0ms)
				InitializePlatformSupportModulesInManaged (4ms)
				SetLoadedEditorAssemblies (0ms)
				RefreshPlugins (1ms)
				BeforeProcessingInitializeOnLoad (79ms)
				ProcessInitializeOnLoadAttributes (192ms)
				ProcessInitializeOnLoadMethodAttributes (9ms)
				AfterProcessingInitializeOnLoad (4ms)
				EditorAssembliesLoaded (0ms)
			ExecutionOrderSort2 (0ms)
			AwakeInstancesAfterBackupRestoration (6ms)
Platform modules already initialized, skipping
========================================================================
Worker process is ready to serve import requests
Launched and connected shader compiler UnityShaderCompiler.exe after 0.08 seconds
Refreshing native plugins compatible for Editor in 0.58 ms, found 2 plugins.
Preloading 0 native plugins for Editor in 0.00 ms.
Unloading 1633 Unused Serialized files (Serialized files now loaded: 0)
System memory in use before: 83.2 MB.
System memory in use after: 82.9 MB.

Unloading 18 unused Assets to reduce memory usage. Loaded Objects now: 2072.
Total: 3.070400 ms (FindLiveObjects: 0.121000 ms CreateObjectMapping: 0.042500 ms MarkObjects: 2.567200 ms  DeleteObjects: 0.338900 ms)

AssetImportParameters requested are different than current active one (requested -> active):
  custom:framework-win-MediaFoundation: 216162199b28c13a410421893ffa2e32 -> 
  custom:video-decoder-ogg-theora: a1e56fd34408186e4bbccfd4996cb3dc -> 
  custom:container-muxer-webm: aa71ff27fc2769a1b78a27578f13a17b -> 
  custom:container-demuxer-webm: 4f35f7cbe854078d1ac9338744f61a02 -> 
  custom:container-demuxer-ogg: 62fdf1f143b41e24485cea50d1cbac27 -> 
  custom:video-encoder-webm-vp8: eb34c28f22e8b96e1ab97ce403110664 -> 
  custom:video-decoder-webm-vp8: 9c59270c3fd7afecdb556c50c9e8de78 -> 
  custom:audio-decoder-ogg-vorbis: bf7c407c2cedff20999df2af8eb42d56 -> 
  custom:audio-encoder-webm-vorbis: bf7c407c2cedff20999df2af8eb42d56 -> 
========================================================================
Received Import Request.
  path: Assets/Scenes
  artifactKey: Guid(2a0d848ef8a1c564d9ee743f685eb409) Importer(815301076,1909f56bfc062723c751e8b465ee728b)
Start importing Assets/Scenes using Guid(2a0d848ef8a1c564d9ee743f685eb409) Importer(815301076,1909f56bfc062723c751e8b465ee728b)  -> (artifact id: '7fec26628aac45b0dfc33843b5575f42') in 0.008557 seconds 
========================================================================
Received Import Request.
  Time since last request: 0.000269 seconds.
  path: Assets/Scenes/SampleScene.unity
  artifactKey: Guid(9fc0d4010bbf28b4594072e72b8655ab) Importer(815301076,1909f56bfc062723c751e8b465ee728b)
Start importing Assets/Scenes/SampleScene.unity using Guid(9fc0d4010bbf28b4594072e72b8655ab) Importer(815301076,1909f56bfc062723c751e8b465ee728b)  -> (artifact id: '85059f4f9e1a832ed95adaa0d25c5c4c') in 0.020746 seconds 
========================================================================
Received Import Request.
  Time since last request: 2.006699 seconds.
  path: Assets/Scenes/GameScene.unity
  artifactKey: Guid(9fc0d4010bbf28b4594072e72b8655ab) Importer(815301076,1909f56bfc062723c751e8b465ee728b)
Start importing Assets/Scenes/GameScene.unity using Guid(9fc0d4010bbf28b4594072e72b8655ab) Importer(815301076,1909f56bfc062723c751e8b465ee728b)  -> (artifact id: '682366d9821b0309fbf90d664b092be1') in 0.010468 seconds 
========================================================================
Received Import Request.
  Time since last request: 1.744329 seconds.
  path: Assets/Scenes/GameScene 1.unity
  artifactKey: Guid(57b79d9464248b8409c8747b65d5d323) Importer(815301076,1909f56bfc062723c751e8b465ee728b)
Start importing Assets/Scenes/GameScene 1.unity using Guid(57b79d9464248b8409c8747b65d5d323) Importer(815301076,1909f56bfc062723c751e8b465ee728b)  -> (artifact id: '119cf3a6d07ff7ee2a76c553c718390c') in 0.008830 seconds 
========================================================================
Received Import Request.
  Time since last request: 3.850996 seconds.
  path: Assets/Scenes/MainScene.unity
  artifactKey: Guid(57b79d9464248b8409c8747b65d5d323) Importer(815301076,1909f56bfc062723c751e8b465ee728b)
Start importing Assets/Scenes/MainScene.unity using Guid(57b79d9464248b8409c8747b65d5d323) Importer(815301076,1909f56bfc062723c751e8b465ee728b)  -> (artifact id: '4326f19174700efa07376d8886486741') in 0.005671 seconds 
========================================================================
Received Import Request.
  Time since last request: 6.203782 seconds.
  path: Assets/Scenes/01.MainScene.unity
  artifactKey: Guid(57b79d9464248b8409c8747b65d5d323) Importer(815301076,1909f56bfc062723c751e8b465ee728b)
Start importing Assets/Scenes/01.MainScene.unity using Guid(57b79d9464248b8409c8747b65d5d323) Importer(815301076,1909f56bfc062723c751e8b465ee728b)  -> (artifact id: 'c6c5e0f5c777f4120eeed0332c83051c') in 0.007749 seconds 
========================================================================
Received Import Request.
  Time since last request: 3.457847 seconds.
  path: Assets/Scenes/02.GameScene.unity
  artifactKey: Guid(9fc0d4010bbf28b4594072e72b8655ab) Importer(815301076,1909f56bfc062723c751e8b465ee728b)
Start importing Assets/Scenes/02.GameScene.unity using Guid(9fc0d4010bbf28b4594072e72b8655ab) Importer(815301076,1909f56bfc062723c751e8b465ee728b)  -> (artifact id: '8e03743e7c18b9070a7a37e40e76b6b6') in 0.006866 seconds 
========================================================================
Received Import Request.
  Time since last request: 182.534469 seconds.
  path: Assets/Scenes/01.MainScene.unity
  artifactKey: Guid(57b79d9464248b8409c8747b65d5d323) Importer(815301076,1909f56bfc062723c751e8b465ee728b)
Start importing Assets/Scenes/01.MainScene.unity using Guid(57b79d9464248b8409c8747b65d5d323) Importer(815301076,1909f56bfc062723c751e8b465ee728b)  -> (artifact id: '682a34b609b36e3a286b9e5788d1508a') in 0.003010 seconds 
========================================================================
Received Import Request.
  Time since last request: 12.135848 seconds.
  path: Assets
  artifactKey: Guid(00000000000000001000000000000000) Importer(815301076,1909f56bfc062723c751e8b465ee728b)
Start importing Assets using Guid(00000000000000001000000000000000) Importer(815301076,1909f56bfc062723c751e8b465ee728b)  -> (artifact id: '42d402b061de3733987d63b9cc3b64de') in 0.009586 seconds 
========================================================================
Received Import Request.
  Time since last request: 8.262939 seconds.
  path: Assets/02.Script
  artifactKey: Guid(a389131aa3142c64e9a737fda70d1400) Importer(815301076,1909f56bfc062723c751e8b465ee728b)
Start importing Assets/02.Script using Guid(a389131aa3142c64e9a737fda70d1400) Importer(815301076,1909f56bfc062723c751e8b465ee728b)  -> (artifact id: '18d3581abbbb7dd2b8f45c3ec288f25d') in 0.007042 seconds 
========================================================================
Received Import Request.
  Time since last request: 2.901132 seconds.
  path: Assets/01.Scenes
  artifactKey: Guid(2a0d848ef8a1c564d9ee743f685eb409) Importer(815301076,1909f56bfc062723c751e8b465ee728b)
Start importing Assets/01.Scenes using Guid(2a0d848ef8a1c564d9ee743f685eb409) Importer(815301076,1909f56bfc062723c751e8b465ee728b)  -> (artifact id: 'a4e9881dfefc0b2a467c1b792e5658e4') in 0.007303 seconds 
========================================================================
Received Import Request.
  Time since last request: 11.076745 seconds.
  path: Assets/03.Prefab
  artifactKey: Guid(5e257002dfc51dd44a078a9e8a62e80a) Importer(815301076,1909f56bfc062723c751e8b465ee728b)
Start importing Assets/03.Prefab using Guid(5e257002dfc51dd44a078a9e8a62e80a) Importer(815301076,1909f56bfc062723c751e8b465ee728b)  -> (artifact id: '455dd1230aa5b191cc792a6399038318') in 0.007617 seconds 
AssetImportWorkerClient::OnTransportError - code=2 error=End of file
